app/build/intermediates/manifest_merge_blame_file/release/manifest-merger-blame-release-report.txt
1<?xml version="1.0" encoding="utf-8"?>
2<manifest xmlns:android="http://schemas.android.com/apk/res/android"
3    package="com.pumpkinstuf.chip"
4    android:versionCode="1"
5    android:versionName="1.03" >
6
7    <uses-sdk
8        android:minSdkVersion="21"
8-->src\main\AndroidManifest.xml
9        android:targetSdkVersion="31" />
9-->src\main\AndroidManifest.xml
10
11    <uses-permission android:name="android.permission.INTERNET" />
11-->src\main\AndroidManifest.xml:6:5-67
11-->src\main\AndroidManifest.xml:6:22-64
12
13    <application
13-->src\main\AndroidManifest.xml:7:5-23:19
14        android:allowBackup="true"
14-->src\main\AndroidManifest.xml:8:9-35
15        android:icon="@mipmap/ic_launcher"
15-->src\main\AndroidManifest.xml:9:9-43
16        android:label="@string/app_name"
16-->src\main\AndroidManifest.xml:10:9-41
17        android:theme="@style/AppTheme" >
17-->src\main\AndroidManifest.xml:11:9-40
18        <activity
18-->src\main\AndroidManifest.xml:13:9-22:20
19            android:name="com.pumpkinstuf.chip.MainActivity"
19-->src\main\AndroidManifest.xml:15:13-61
20            android:configChanges="orientation|screenSize"
20-->src\main\AndroidManifest.xml:14:13-59
21            android:exported="true"
21-->src\main\AndroidManifest.xml:17:13-36
22            android:screenOrientation="landscape" >
22-->src\main\AndroidManifest.xml:16:13-50
23            <intent-filter>
23-->src\main\AndroidManifest.xml:18:13-21:29
24                <action android:name="android.intent.action.MAIN" />
24-->src\main\AndroidManifest.xml:19:17-69
24-->src\main\AndroidManifest.xml:19:25-66
25
26                <category android:name="android.intent.category.LAUNCHER" />
26-->src\main\AndroidManifest.xml:20:17-77
26-->src\main\AndroidManifest.xml:20:27-74
27            </intent-filter>
28        </activity>
29    </application>
30
31</manifest>